<?xml version="1.0" encoding="UTF-8"?>
<!-- Generated by org.testng.reporters.JUnitReportReporter -->
<testsuite hostname="Jeet-Sunil" failures="0" tests="1" name="pgs.hms.testScripts.ReportsPageTest" time="2.271" errors="0" timestamp="2023-07-13T15:48:34 IST" skipped="0">
  <testcase classname="pgs.hms.testScripts.ReportsPageTest" name="reportsTest" time="2.271"/>
  <system-out>
    <![CDATA[Patient is create  ---> PASS]]>
  </system-out>
</testsuite> <!-- pgs.hms.testScripts.ReportsPageTest -->
