<?xml version="1.0" encoding="UTF-8"?>
<!-- Generated by org.testng.reporters.JUnitReportReporter -->
<testsuite hostname="Jeet-Sunil" failures="0" tests="1" name="pgs.hms.testScripts.AddingDoctorAndSearchPatients1Test" time="4.482" errors="0" timestamp="2023-07-05T17:35:25 IST" skipped="0">
  <testcase classname="pgs.hms.testScripts.AddingDoctorAndSearchPatients1Test" name="addingDoctorsAndSearchPatients" time="4.482"/>
  <system-out/>
</testsuite> <!-- pgs.hms.testScripts.AddingDoctorAndSearchPatients1Test -->
