<?xml version="1.0" encoding="UTF-8"?>
<!-- Generated by org.testng.reporters.JUnitReportReporter -->
<testsuite hostname="Jeet-Sunil" failures="0" tests="3" name="pgs.hms.testScripts.ReportsPageTest" time="8.919" errors="0" timestamp="2023-07-07T17:44:31 IST" skipped="3">
  <testcase classname="pgs.hms.testScripts.ReportsPageTest" name="reportsTest" time="3.139">
    <skipped/>
  </testcase> <!-- reportsTest -->
  <system-out/>
  <testcase classname="pgs.hms.testScripts.ReportsPageTest" name="reportsTest" time="3.257">
    <skipped/>
  </testcase> <!-- reportsTest -->
  <system-out/>
  <testcase classname="pgs.hms.testScripts.ReportsPageTest" name="reportsTest" time="2.523">
    <skipped/>
  </testcase> <!-- reportsTest -->
  <system-out/>
</testsuite> <!-- pgs.hms.testScripts.ReportsPageTest -->
