<?xml version="1.0" encoding="UTF-8"?>
<!-- Generated by org.testng.reporters.JUnitReportReporter -->
<testsuite hostname="Jeet-Sunil" failures="0" tests="1" name="pgs.hms.testScripts.PatientTest" time="8.135" errors="0" timestamp="2023-07-11T17:02:44 IST" skipped="0">
  <testcase classname="pgs.hms.testScripts.PatientTest" name="integrationBetweenDoctorAndPateintTest" time="8.135"/>
  <system-out>
    <![CDATA[Logging Out as Patient....
Log in Doctors....
Patient is create  ---> PASS
Logging Out as Doctor....]]>
  </system-out>
</testsuite> <!-- pgs.hms.testScripts.PatientTest -->
