<?xml version="1.0" encoding="UTF-8"?>
<!-- Generated by org.testng.reporters.JUnitReportReporter -->
<testsuite hostname="Jeet-Sunil" failures="0" tests="1" name="pgs.hms.testScripts.ManagPatientHistoryTest" time="8.124" errors="0" timestamp="2023-07-04T17:51:45 IST" skipped="0">
  <testcase classname="pgs.hms.testScripts.ManagPatientHistoryTest" name="managePatientHistoryTest" time="8.124"/>
  <system-out/>
</testsuite> <!-- pgs.hms.testScripts.ManagPatientHistoryTest -->
