<?xml version="1.0" encoding="UTF-8"?>
<!-- Generated by org.testng.reporters.JUnitReportReporter -->
<testsuite hostname="Jeet-Sunil" failures="0" tests="1" name="pgs.hms.practice.JsonFileReader" time="0.016" errors="0" timestamp="2023-06-29T16:39:00 IST" skipped="0">
  <testcase classname="pgs.hms.practice.JsonFileReader" name="jsonFileReader" time="0.016"/>
  <system-out/>
</testsuite> <!-- pgs.hms.practice.JsonFileReader -->
