<?xml version="1.0" encoding="UTF-8"?>
<!-- Generated by org.testng.reporters.JUnitReportReporter -->
<testsuite hostname="Jeet-Sunil" failures="0" tests="1" name="pgs.hms.practice.JsonFileReader" time="0.026" errors="0" timestamp="2023-07-11T13:37:19 IST" skipped="0">
  <testcase classname="pgs.hms.practice.JsonFileReader" name="jsonFileReader" time="0.026"/>
  <system-out/>
</testsuite> <!-- pgs.hms.practice.JsonFileReader -->
