<?xml version="1.0" encoding="UTF-8"?>
<!-- Generated by org.testng.reporters.JUnitReportReporter -->
<testsuite hostname="Jeet-Sunil" failures="0" tests="1" name="practiseProgram.ReadExcelData" time="0.879" errors="0" timestamp="2023-07-05T10:20:20 IST" skipped="0">
  <testcase classname="practiseProgram.ReadExcelData" name="readTestData" time="0.879"/>
  <system-out/>
</testsuite> <!-- practiseProgram.ReadExcelData -->
