<?xml version="1.0" encoding="UTF-8"?>
<!-- Generated by org.testng.reporters.JUnitReportReporter -->
<testsuite hostname="Jeet-Sunil" failures="0" tests="1" name="pgs.hms.testScripts.RportsPageUpdated" time="2.596" errors="0" timestamp="2023-07-06T11:05:54 IST" skipped="0">
  <testcase classname="pgs.hms.testScripts.RportsPageUpdated" name="reportsTest" time="2.596"/>
  <system-out/>
</testsuite> <!-- pgs.hms.testScripts.RportsPageUpdated -->
