<?xml version="1.0" encoding="UTF-8"?>
<!-- Generated by org.testng.reporters.JUnitReportReporter -->
<testsuite hostname="Jeet-Sunil" failures="0" tests="2" name="pgs.hms.testScripts.ManagePatientTestUpdated" time="31.409" errors="0" timestamp="2023-07-07T17:44:31 IST" skipped="0">
  <testcase classname="pgs.hms.testScripts.ManagePatientTestUpdated" name="ManagPatientHistoryTest" time="4.986"/>
  <system-out>
    <![CDATA[Logged in as Doctor.....
Patient is create  ---> PASS
Loggin out as Doctor]]>
  </system-out>
  <testcase classname="pgs.hms.testScripts.ManagePatientTestUpdated" name="ManagPatientHistoryTest" time="26.423"/>
  <system-out>
    <![CDATA[Logged in as Doctor.....
Patient is create  ---> PASS
Loggin out as Doctor]]>
  </system-out>
</testsuite> <!-- pgs.hms.testScripts.ManagePatientTestUpdated -->
