<?xml version="1.0" encoding="UTF-8"?>
<!-- Generated by org.testng.reporters.JUnitReportReporter -->
<testsuite hostname="Jeet-Sunil" failures="0" tests="2" name="pgs.hms.practice.DataProviderSample" time="0.010" errors="0" timestamp="2023-07-07T14:46:28 IST" skipped="0">
  <testcase classname="pgs.hms.practice.DataProviderSample" name="verifyData1" time="0.001"/>
  <system-out/>
  <testcase classname="pgs.hms.practice.DataProviderSample" name="verifyData1" time="0.009"/>
  <system-out/>
</testsuite> <!-- pgs.hms.practice.DataProviderSample -->
