<?xml version="1.0" encoding="UTF-8"?>
<!-- Generated by org.testng.reporters.JUnitReportReporter -->
<testsuite hostname="Jeet-Sunil" failures="0" tests="1" name="pgs.hms.practice.ReportsTest" time="12.837" errors="0" timestamp="2023-07-03T15:18:46 IST" skipped="0">
  <testcase classname="pgs.hms.practice.ReportsTest" name="reportsTest" time="12.837"/>
  <system-out/>
</testsuite> <!-- pgs.hms.practice.ReportsTest -->
