<?xml version="1.0" encoding="UTF-8"?>
<!-- Generated by org.testng.reporters.JUnitReportReporter -->
<testsuite hostname="Jeet-Sunil" failures="0" tests="1" name="pgs.hms.test.SampleTest" time="0.011" errors="0" timestamp="2023-07-14T15:14:32 IST" skipped="0">
  <testcase classname="pgs.hms.test.SampleTest" name="sampleTest" time="0.011"/>
  <system-out/>
</testsuite> <!-- pgs.hms.test.SampleTest -->
