<?xml version="1.0" encoding="UTF-8"?>
<!-- Generated by org.testng.reporters.JUnitReportReporter -->
<testsuite hostname="Jeet-Sunil" failures="0" tests="1" name="pgs.hms.testScripts.IntegrationBetweenDoctorAndPatient" time="20.531" errors="0" timestamp="2023-07-03T14:29:11 IST" skipped="0">
  <testcase classname="pgs.hms.testScripts.IntegrationBetweenDoctorAndPatient" name="integration_between_Doctor_And_PateintTest" time="20.531"/>
  <system-out/>
</testsuite> <!-- pgs.hms.testScripts.IntegrationBetweenDoctorAndPatient -->
