<?xml version="1.0" encoding="UTF-8"?>
<!-- Generated by org.testng.reporters.JUnitReportReporter -->
<testsuite hostname="Jeet-Sunil" failures="0" tests="1" name="pgs.hms.testScripts.ReportsTest" time="4.157" errors="0" timestamp="2023-07-06T10:51:40 IST" skipped="0">
  <testcase classname="pgs.hms.testScripts.ReportsTest" name="reportsTest" time="4.157"/>
  <system-out/>
</testsuite> <!-- pgs.hms.testScripts.ReportsTest -->
