<?xml version="1.0" encoding="UTF-8"?>
<!-- Generated by org.testng.reporters.JUnitReportReporter -->
<testsuite hostname="Jeet-Sunil" failures="0" tests="1" name="pgs.hms.test.ReportsPageTest" time="1.495" errors="0" timestamp="2023-07-13T16:19:33 IST" skipped="0">
  <testcase classname="pgs.hms.test.ReportsPageTest" name="reportsTest" time="1.495"/>
  <system-out>
    <![CDATA[Patient is create  ---> PASS]]>
  </system-out>
</testsuite> <!-- pgs.hms.test.ReportsPageTest -->
